/home/alouis/mne_env/lib/python3.11/site-packages/pyriemann/utils/base.py:51: UserWarning: Convergence not reached
  return func(X, *args, **kwargs)
  [cosp_alpha] cosp_alpha_s11_S1.npz : 114 -> 102 epochs (89% gardees)
  [cosp_alpha] cosp_alpha_s25_REM.npz : 238 -> 205 epochs (86% gardees)
  [cosp_alpha] cosp_alpha_s27_REM.npz : 61 -> 52 epochs (85% gardees)
  [cosp_alpha] cosp_alpha_s32_REM.npz : 159 -> 130 epochs (82% gardees)
  [cosp_alpha] cosp_alpha_s36_REM.npz : 211 -> 187 epochs (89% gardees)
  [cosp_beta] cosp_beta_s03_S3.npz : 39 -> 34 epochs (87% gardees)
  [cosp_beta] cosp_beta_s05_REM.npz : 197 -> 168 epochs (85% gardees)
  [cosp_beta] cosp_beta_s08_REM.npz : 129 -> 112 epochs (87% gardees)
  [cosp_beta] cosp_beta_s10_REM.npz : 177 -> 151 epochs (85% gardees)
  [cosp_beta] cosp_beta_s11_REM.npz : 125 -> 112 epochs (90% gardees)
  [cosp_beta] cosp_beta_s15_S2.npz : 210 -> 186 epochs (89% gardees)
  [cosp_beta] cosp_beta_s20_REM.npz : 189 -> 166 epochs (88% gardees)
  [cosp_beta] cosp_beta_s23_REM.npz : 214 -> 185 epochs (86% gardees)
  [cosp_beta] cosp_beta_s25_REM.npz : 238 -> 205 epochs (86% gardees)
  [cosp_beta] cosp_beta_s25_S4.npz : 159 -> 133 epochs (84% gardees)
  [cosp_beta] cosp_beta_s32_REM.npz : 159 -> 132 epochs (83% gardees)
  [cosp_beta] cosp_beta_s35_S4.npz : 100 -> 89 epochs (89% gardees)
  [cosp_delta] cosp_delta_s32_REM.npz : 159 -> 136 epochs (86% gardees)
  [cosp_sigma] cosp_sigma_s11_REM.npz : 125 -> 110 epochs (88% gardees)
  [cosp_sigma] cosp_sigma_s11_S1.npz : 114 -> 101 epochs (89% gardees)
  [cosp_sigma] cosp_sigma_s15_S4.npz : 239 -> 215 epochs (90% gardees)
  [cosp_sigma] cosp_sigma_s16_S4.npz : 146 -> 130 epochs (89% gardees)
  [cosp_sigma] cosp_sigma_s23_REM.npz : 214 -> 183 epochs (86% gardees)
  [cosp_sigma] cosp_sigma_s25_REM.npz : 238 -> 207 epochs (87% gardees)
  [cosp_sigma] cosp_sigma_s32_REM.npz : 159 -> 135 epochs (85% gardees)
  [cosp_sigma] cosp_sigma_s38_REM.npz : 129 -> 116 epochs (90% gardees)
  [cosp_theta] cosp_theta_s11_S1.npz : 114 -> 102 epochs (89% gardees)
  [cosp_theta] cosp_theta_s31_S3.npz : 67 -> 60 epochs (90% gardees)
  [cosp_theta] cosp_theta_s32_REM.npz : 159 -> 131 epochs (82% gardees)
  [cov] cov_s12_REM.npz : 96 -> 80 epochs (83% gardees)
  [cov] cov_s16_REM.npz : 154 -> 133 epochs (86% gardees)
  [cov] cov_s19_S1.npz : 19 -> 17 epochs (89% gardees)
  [cov] cov_s25_REM.npz : 238 -> 197 epochs (83% gardees)
  [cov] cov_s32_REM.npz : 159 -> 141 epochs (89% gardees)
  [cov] cov_s36_S2.npz : 252 -> 224 epochs (89% gardees)

=== Total : 178470 -> 172624 epochs (96.7% gardees) ===
Sortie : /home/alouis/scratch/dream_features_noica_1000hz_overlap_potato

Prochaine etape : relancer classify.py avec --save-path pointant vers le dossier _potato
