=== Job array 29 -> sujet 29  (Tue Jun 23 16:57:48 PDT 2026) ===
=== Preprocessing sujet 29 ===
Reading 0 ... 29949759  =      0.000 ... 29949.759 secs...
  -- branche ICA --
  composantes ICA exclues (EOG corr 0.6) : [np.int64(6), np.int64(5)]
Overwriting existing file.
Writing ICA solution to /home/alouis/scratch/dream_bids/derivatives/ica/sub-29_task-sleep_ica.fif...
Overwriting existing file.
  ICA sauvegardé  : /home/alouis/scratch/dream_bids/derivatives/ica/sub-29_task-sleep_ica.fif
Writing '/home/alouis/scratch/dream_bids/derivatives/preprocessed-ica/participants.tsv'...
Writing '/home/alouis/scratch/dream_bids/derivatives/preprocessed-ica/participants.json'...
Writing '/home/alouis/scratch/dream_bids/derivatives/preprocessed-ica/sub-29/eeg/sub-29_space-CapTrak_electrodes.tsv'...
Writing '/home/alouis/scratch/dream_bids/derivatives/preprocessed-ica/sub-29/eeg/sub-29_space-CapTrak_coordsystem.json'...
The provided raw data contains annotations, but you did not pass an "event_id" mapping from annotation descriptions to event codes. We will generate arbitrary event codes. To specify custom event codes, please pass "event_id".
Used Annotations descriptions: [np.str_('jbe/Sleep stage R'), np.str_('jbe/Sleep stage S1'), np.str_('jbe/Sleep stage S2'), np.str_('jbe/Sleep stage S3'), np.str_('jbe/Sleep stage S4'), np.str_('jbe/Sleep stage W'), np.str_('jbe/UNKNOWN_m1'), np.str_('jbe/UNKNOWN_m2'), np.str_('per/Sleep stage R'), np.str_('per/Sleep stage S1'), np.str_('per/Sleep stage S2'), np.str_('per/Sleep stage S3'), np.str_('per/Sleep stage S4'), np.str_('per/Sleep stage W'), np.str_('per/UNKNOWN_m1'), np.str_('per/UNKNOWN_m2')]
Writing '/home/alouis/scratch/dream_bids/derivatives/preprocessed-ica/sub-29/eeg/sub-29_task-sleep_proc-clean_events.tsv'...
Writing '/home/alouis/scratch/dream_bids/derivatives/preprocessed-ica/sub-29/eeg/sub-29_task-sleep_proc-clean_events.json'...
Writing '/home/alouis/scratch/dream_bids/derivatives/preprocessed-ica/dataset_description.json'...
Writing '/home/alouis/scratch/dream_bids/derivatives/preprocessed-ica/sub-29/eeg/sub-29_task-sleep_proc-clean_eeg.json'...
Copying data files to sub-29_task-sleep_proc-clean_eeg.vhdr
Writing '/home/alouis/scratch/dream_bids/derivatives/preprocessed-ica/sub-29/eeg/sub-29_task-sleep_proc-clean_channels.tsv'...
Writing '/home/alouis/scratch/dream_bids/derivatives/preprocessed-ica/sub-29/sub-29_scans.tsv'...
Wrote /home/alouis/scratch/dream_bids/derivatives/preprocessed-ica/sub-29/sub-29_scans.tsv entry with eeg/sub-29_task-sleep_proc-clean_eeg.vhdr.
  Done (ICA)      : /home/alouis/scratch/dream_bids/derivatives/preprocessed-ica/sub-29/eeg/sub-29_task-sleep_proc-clean_eeg.vhdr
=== Fini sujet 29  (Tue Jun 23 17:10:48 PDT 2026) ===
