=== Job array 27 -> sujet 27  (Sun Jun 21 02:43:35 PDT 2026) ===
=== Preprocessing sujet 27 ===
Reading 0 ... 32898779  =      0.000 ... 32898.779 secs...
  -- branche ICA --
Effective window size : 2.048 (s)
  composantes ICA exclues (EOG+EMG) : [np.int64(0), np.int64(2), 4, 9, 10]
Writing ICA solution to /home/alouis/scratch/dream_bids/derivatives/ica/sub-27_task-sleep_ica.fif...
  ICA sauvegardé  : /home/alouis/scratch/dream_bids/derivatives/ica/sub-27_task-sleep_ica.fif
Writing '/home/alouis/scratch/dream_bids/derivatives/preprocessed-ica/participants.tsv'...
Writing '/home/alouis/scratch/dream_bids/derivatives/preprocessed-ica/participants.json'...
Writing '/home/alouis/scratch/dream_bids/derivatives/preprocessed-ica/sub-27/eeg/sub-27_space-CapTrak_electrodes.tsv'...
Writing '/home/alouis/scratch/dream_bids/derivatives/preprocessed-ica/sub-27/eeg/sub-27_space-CapTrak_coordsystem.json'...
The provided raw data contains annotations, but you did not pass an "event_id" mapping from annotation descriptions to event codes. We will generate arbitrary event codes. To specify custom event codes, please pass "event_id".
Used Annotations descriptions: [np.str_('per/Sleep stage R'), np.str_('per/Sleep stage S1'), np.str_('per/Sleep stage S2'), np.str_('per/Sleep stage S3'), np.str_('per/Sleep stage S4'), np.str_('per/Sleep stage W'), np.str_('per/UNKNOWN_m1'), np.str_('per/UNKNOWN_m2')]
Writing '/home/alouis/scratch/dream_bids/derivatives/preprocessed-ica/sub-27/eeg/sub-27_task-sleep_proc-clean_events.tsv'...
Writing '/home/alouis/scratch/dream_bids/derivatives/preprocessed-ica/sub-27/eeg/sub-27_task-sleep_proc-clean_events.json'...
Writing '/home/alouis/scratch/dream_bids/derivatives/preprocessed-ica/dataset_description.json'...
Writing '/home/alouis/scratch/dream_bids/derivatives/preprocessed-ica/sub-27/eeg/sub-27_task-sleep_proc-clean_eeg.json'...
Copying data files to sub-27_task-sleep_proc-clean_eeg.vhdr
Writing '/home/alouis/scratch/dream_bids/derivatives/preprocessed-ica/sub-27/eeg/sub-27_task-sleep_proc-clean_channels.tsv'...
Writing '/home/alouis/scratch/dream_bids/derivatives/preprocessed-ica/sub-27/sub-27_scans.tsv'...
Wrote /home/alouis/scratch/dream_bids/derivatives/preprocessed-ica/sub-27/sub-27_scans.tsv entry with eeg/sub-27_task-sleep_proc-clean_eeg.vhdr.
  Done (ICA)      : /home/alouis/scratch/dream_bids/derivatives/preprocessed-ica/sub-27/eeg/sub-27_task-sleep_proc-clean_eeg.vhdr
  -- branche noICA --
Writing '/home/alouis/scratch/dream_bids/derivatives/preprocessed-noica/participants.tsv'...
Writing '/home/alouis/scratch/dream_bids/derivatives/preprocessed-noica/participants.json'...
Writing '/home/alouis/scratch/dream_bids/derivatives/preprocessed-noica/sub-27/eeg/sub-27_space-CapTrak_electrodes.tsv'...
Writing '/home/alouis/scratch/dream_bids/derivatives/preprocessed-noica/sub-27/eeg/sub-27_space-CapTrak_coordsystem.json'...
The provided raw data contains annotations, but you did not pass an "event_id" mapping from annotation descriptions to event codes. We will generate arbitrary event codes. To specify custom event codes, please pass "event_id".
Used Annotations descriptions: [np.str_('per/Sleep stage R'), np.str_('per/Sleep stage S1'), np.str_('per/Sleep stage S2'), np.str_('per/Sleep stage S3'), np.str_('per/Sleep stage S4'), np.str_('per/Sleep stage W'), np.str_('per/UNKNOWN_m1'), np.str_('per/UNKNOWN_m2')]
Writing '/home/alouis/scratch/dream_bids/derivatives/preprocessed-noica/sub-27/eeg/sub-27_task-sleep_proc-clean_events.tsv'...
Writing '/home/alouis/scratch/dream_bids/derivatives/preprocessed-noica/sub-27/eeg/sub-27_task-sleep_proc-clean_events.json'...
Writing '/home/alouis/scratch/dream_bids/derivatives/preprocessed-noica/dataset_description.json'...
Writing '/home/alouis/scratch/dream_bids/derivatives/preprocessed-noica/sub-27/eeg/sub-27_task-sleep_proc-clean_eeg.json'...
Copying data files to sub-27_task-sleep_proc-clean_eeg.vhdr
Writing '/home/alouis/scratch/dream_bids/derivatives/preprocessed-noica/sub-27/eeg/sub-27_task-sleep_proc-clean_channels.tsv'...
Writing '/home/alouis/scratch/dream_bids/derivatives/preprocessed-noica/sub-27/sub-27_scans.tsv'...
Wrote /home/alouis/scratch/dream_bids/derivatives/preprocessed-noica/sub-27/sub-27_scans.tsv entry with eeg/sub-27_task-sleep_proc-clean_eeg.vhdr.
  Done (noICA)    : /home/alouis/scratch/dream_bids/derivatives/preprocessed-noica/sub-27/eeg/sub-27_task-sleep_proc-clean_eeg.vhdr
  -- branche ICLabel --
  composantes ICLabel exclues (eye/muscle p>0.9) : []
Writing ICA solution to /home/alouis/scratch/dream_bids/derivatives/ica/sub-27_task-sleep-iclabel_ica.fif...
  ICA sauvegardé  : /home/alouis/scratch/dream_bids/derivatives/ica/sub-27_task-sleep-iclabel_ica.fif
Writing '/home/alouis/scratch/dream_bids/derivatives/preprocessed-iclabel/participants.tsv'...
Writing '/home/alouis/scratch/dream_bids/derivatives/preprocessed-iclabel/participants.json'...
Writing '/home/alouis/scratch/dream_bids/derivatives/preprocessed-iclabel/sub-27/eeg/sub-27_space-CapTrak_electrodes.tsv'...
Writing '/home/alouis/scratch/dream_bids/derivatives/preprocessed-iclabel/sub-27/eeg/sub-27_space-CapTrak_coordsystem.json'...
The provided raw data contains annotations, but you did not pass an "event_id" mapping from annotation descriptions to event codes. We will generate arbitrary event codes. To specify custom event codes, please pass "event_id".
Used Annotations descriptions: [np.str_('per/Sleep stage R'), np.str_('per/Sleep stage S1'), np.str_('per/Sleep stage S2'), np.str_('per/Sleep stage S3'), np.str_('per/Sleep stage S4'), np.str_('per/Sleep stage W'), np.str_('per/UNKNOWN_m1'), np.str_('per/UNKNOWN_m2')]
Writing '/home/alouis/scratch/dream_bids/derivatives/preprocessed-iclabel/sub-27/eeg/sub-27_task-sleep_proc-clean_events.tsv'...
Writing '/home/alouis/scratch/dream_bids/derivatives/preprocessed-iclabel/sub-27/eeg/sub-27_task-sleep_proc-clean_events.json'...
Writing '/home/alouis/scratch/dream_bids/derivatives/preprocessed-iclabel/dataset_description.json'...
Writing '/home/alouis/scratch/dream_bids/derivatives/preprocessed-iclabel/sub-27/eeg/sub-27_task-sleep_proc-clean_eeg.json'...
Copying data files to sub-27_task-sleep_proc-clean_eeg.vhdr
Writing '/home/alouis/scratch/dream_bids/derivatives/preprocessed-iclabel/sub-27/eeg/sub-27_task-sleep_proc-clean_channels.tsv'...
Writing '/home/alouis/scratch/dream_bids/derivatives/preprocessed-iclabel/sub-27/sub-27_scans.tsv'...
Wrote /home/alouis/scratch/dream_bids/derivatives/preprocessed-iclabel/sub-27/sub-27_scans.tsv entry with eeg/sub-27_task-sleep_proc-clean_eeg.vhdr.
  Done (ICLabel)  : /home/alouis/scratch/dream_bids/derivatives/preprocessed-iclabel/sub-27/eeg/sub-27_task-sleep_proc-clean_eeg.vhdr
=== Fini sujet 27  (Sun Jun 21 03:13:25 PDT 2026) ===
