=== Job array 28 -> sujet 28  (Mon Jun 22 15:06:33 PDT 2026) ===
=== Preprocessing sujet 28 ===
Reading 0 ... 26756979  =      0.000 ... 26756.979 secs...
  -- branche ICA --
Effective window size : 2.048 (s)
  composantes ICA exclues (EOG+EMG) : []
  EOG rejetes : [] | EMG rejetes : []
Overwriting existing file.
Writing ICA solution to /home/alouis/scratch/dream_bids/derivatives/ica/sub-28_task-sleep_ica.fif...
Overwriting existing file.
  ICA sauvegardé  : /home/alouis/scratch/dream_bids/derivatives/ica/sub-28_task-sleep_ica.fif
Writing '/home/alouis/scratch/dream_bids/derivatives/preprocessed-ica/participants.tsv'...
Writing '/home/alouis/scratch/dream_bids/derivatives/preprocessed-ica/participants.json'...
Writing '/home/alouis/scratch/dream_bids/derivatives/preprocessed-ica/sub-28/eeg/sub-28_space-CapTrak_electrodes.tsv'...
Writing '/home/alouis/scratch/dream_bids/derivatives/preprocessed-ica/sub-28/eeg/sub-28_space-CapTrak_coordsystem.json'...
The provided raw data contains annotations, but you did not pass an "event_id" mapping from annotation descriptions to event codes. We will generate arbitrary event codes. To specify custom event codes, please pass "event_id".
Used Annotations descriptions: [np.str_('per/Sleep stage R'), np.str_('per/Sleep stage S1'), np.str_('per/Sleep stage S2'), np.str_('per/Sleep stage S3'), np.str_('per/Sleep stage S4'), np.str_('per/Sleep stage W'), np.str_('per/UNKNOWN_m1'), np.str_('per/UNKNOWN_m2')]
Writing '/home/alouis/scratch/dream_bids/derivatives/preprocessed-ica/sub-28/eeg/sub-28_task-sleep_proc-clean_events.tsv'...
Writing '/home/alouis/scratch/dream_bids/derivatives/preprocessed-ica/sub-28/eeg/sub-28_task-sleep_proc-clean_events.json'...
Writing '/home/alouis/scratch/dream_bids/derivatives/preprocessed-ica/dataset_description.json'...
Writing '/home/alouis/scratch/dream_bids/derivatives/preprocessed-ica/sub-28/eeg/sub-28_task-sleep_proc-clean_eeg.json'...
Copying data files to sub-28_task-sleep_proc-clean_eeg.vhdr
Writing '/home/alouis/scratch/dream_bids/derivatives/preprocessed-ica/sub-28/eeg/sub-28_task-sleep_proc-clean_channels.tsv'...
Writing '/home/alouis/scratch/dream_bids/derivatives/preprocessed-ica/sub-28/sub-28_scans.tsv'...
Wrote /home/alouis/scratch/dream_bids/derivatives/preprocessed-ica/sub-28/sub-28_scans.tsv entry with eeg/sub-28_task-sleep_proc-clean_eeg.vhdr.
  Done (ICA)      : /home/alouis/scratch/dream_bids/derivatives/preprocessed-ica/sub-28/eeg/sub-28_task-sleep_proc-clean_eeg.vhdr
=== Fini sujet 28  (Mon Jun 22 15:29:24 PDT 2026) ===
