=== Job array 22 -> sujet 22  (Mon Jun 22 14:49:36 PDT 2026) ===
=== Preprocessing sujet 22 ===
Reading 0 ... 25498719  =      0.000 ... 25498.719 secs...
  -- branche ICA --
Effective window size : 2.048 (s)
  composantes ICA exclues (EOG+EMG) : [np.int64(0), 6, 7, 9, 11]
  EOG rejetes : [np.int64(0)] | EMG rejetes : [0, 6, 7, 9, 11]
Overwriting existing file.
Writing ICA solution to /home/alouis/scratch/dream_bids/derivatives/ica/sub-22_task-sleep_ica.fif...
Overwriting existing file.
  ICA sauvegardé  : /home/alouis/scratch/dream_bids/derivatives/ica/sub-22_task-sleep_ica.fif
Writing '/home/alouis/scratch/dream_bids/derivatives/preprocessed-ica/participants.tsv'...
Writing '/home/alouis/scratch/dream_bids/derivatives/preprocessed-ica/participants.json'...
Writing '/home/alouis/scratch/dream_bids/derivatives/preprocessed-ica/sub-22/eeg/sub-22_space-CapTrak_electrodes.tsv'...
Writing '/home/alouis/scratch/dream_bids/derivatives/preprocessed-ica/sub-22/eeg/sub-22_space-CapTrak_coordsystem.json'...
The provided raw data contains annotations, but you did not pass an "event_id" mapping from annotation descriptions to event codes. We will generate arbitrary event codes. To specify custom event codes, please pass "event_id".
Used Annotations descriptions: [np.str_('per/Sleep stage R'), np.str_('per/Sleep stage S1'), np.str_('per/Sleep stage S2'), np.str_('per/Sleep stage S3'), np.str_('per/Sleep stage S4'), np.str_('per/Sleep stage W'), np.str_('per/UNKNOWN_m1'), np.str_('per/UNKNOWN_m2')]
Writing '/home/alouis/scratch/dream_bids/derivatives/preprocessed-ica/sub-22/eeg/sub-22_task-sleep_proc-clean_events.tsv'...
Writing '/home/alouis/scratch/dream_bids/derivatives/preprocessed-ica/sub-22/eeg/sub-22_task-sleep_proc-clean_events.json'...
Writing '/home/alouis/scratch/dream_bids/derivatives/preprocessed-ica/dataset_description.json'...
Writing '/home/alouis/scratch/dream_bids/derivatives/preprocessed-ica/sub-22/eeg/sub-22_task-sleep_proc-clean_eeg.json'...
Copying data files to sub-22_task-sleep_proc-clean_eeg.vhdr
Writing '/home/alouis/scratch/dream_bids/derivatives/preprocessed-ica/sub-22/eeg/sub-22_task-sleep_proc-clean_channels.tsv'...
Writing '/home/alouis/scratch/dream_bids/derivatives/preprocessed-ica/sub-22/sub-22_scans.tsv'...
Wrote /home/alouis/scratch/dream_bids/derivatives/preprocessed-ica/sub-22/sub-22_scans.tsv entry with eeg/sub-22_task-sleep_proc-clean_eeg.vhdr.
  Done (ICA)      : /home/alouis/scratch/dream_bids/derivatives/preprocessed-ica/sub-22/eeg/sub-22_task-sleep_proc-clean_eeg.vhdr
=== Fini sujet 22  (Mon Jun 22 15:06:47 PDT 2026) ===
