=== Job array 18 -> sujet 18  (Mon Jun 22 21:38:25 PDT 2026) ===
=== Preprocessing sujet 18 ===
Reading 0 ... 25755979  =      0.000 ... 25755.979 secs...
  -- branche ICA --
Effective window size : 2.048 (s)
  composantes ICA exclues (EOG+EMG) : [2, 3, np.int64(5), 6, 7, 8]
  EOG rejetes : [np.int64(5)] | EMG rejetes : [2, 3, 6, 7, 8]
Overwriting existing file.
Writing ICA solution to /home/alouis/scratch/dream_bids/derivatives/ica/sub-18_task-sleep_ica.fif...
Overwriting existing file.
  ICA sauvegardé  : /home/alouis/scratch/dream_bids/derivatives/ica/sub-18_task-sleep_ica.fif
Writing '/home/alouis/scratch/dream_bids/derivatives/preprocessed-ica/participants.tsv'...
Writing '/home/alouis/scratch/dream_bids/derivatives/preprocessed-ica/participants.json'...
Writing '/home/alouis/scratch/dream_bids/derivatives/preprocessed-ica/sub-18/eeg/sub-18_space-CapTrak_electrodes.tsv'...
Writing '/home/alouis/scratch/dream_bids/derivatives/preprocessed-ica/sub-18/eeg/sub-18_space-CapTrak_coordsystem.json'...
The provided raw data contains annotations, but you did not pass an "event_id" mapping from annotation descriptions to event codes. We will generate arbitrary event codes. To specify custom event codes, please pass "event_id".
Used Annotations descriptions: [np.str_('jbe/Sleep stage R'), np.str_('jbe/Sleep stage S1'), np.str_('jbe/Sleep stage S2'), np.str_('jbe/Sleep stage S3'), np.str_('jbe/Sleep stage S4'), np.str_('jbe/Sleep stage W'), np.str_('jbe/UNKNOWN_m1'), np.str_('jbe/UNKNOWN_m2'), np.str_('per/Sleep stage R'), np.str_('per/Sleep stage S1'), np.str_('per/Sleep stage S2'), np.str_('per/Sleep stage S3'), np.str_('per/Sleep stage S4'), np.str_('per/Sleep stage W'), np.str_('per/UNKNOWN_m1'), np.str_('per/UNKNOWN_m2')]
Writing '/home/alouis/scratch/dream_bids/derivatives/preprocessed-ica/sub-18/eeg/sub-18_task-sleep_proc-clean_events.tsv'...
Writing '/home/alouis/scratch/dream_bids/derivatives/preprocessed-ica/sub-18/eeg/sub-18_task-sleep_proc-clean_events.json'...
Writing '/home/alouis/scratch/dream_bids/derivatives/preprocessed-ica/dataset_description.json'...
Writing '/home/alouis/scratch/dream_bids/derivatives/preprocessed-ica/sub-18/eeg/sub-18_task-sleep_proc-clean_eeg.json'...
Copying data files to sub-18_task-sleep_proc-clean_eeg.vhdr
Writing '/home/alouis/scratch/dream_bids/derivatives/preprocessed-ica/sub-18/eeg/sub-18_task-sleep_proc-clean_channels.tsv'...
Writing '/home/alouis/scratch/dream_bids/derivatives/preprocessed-ica/sub-18/sub-18_scans.tsv'...
Wrote /home/alouis/scratch/dream_bids/derivatives/preprocessed-ica/sub-18/sub-18_scans.tsv entry with eeg/sub-18_task-sleep_proc-clean_eeg.vhdr.
  Done (ICA)      : /home/alouis/scratch/dream_bids/derivatives/preprocessed-ica/sub-18/eeg/sub-18_task-sleep_proc-clean_eeg.vhdr
=== Fini sujet 18  (Mon Jun 22 22:02:34 PDT 2026) ===
