=== Job array 14 -> sujet 14  (Sun Jun 21 01:45:33 PDT 2026) ===
=== Preprocessing sujet 14 ===
Reading 0 ... 24302919  =      0.000 ... 24302.919 secs...
  -- branche ICA --
Effective window size : 2.048 (s)
  composantes ICA exclues (EOG+EMG) : [np.int64(0), 7, 9, 11]
Writing ICA solution to /home/alouis/scratch/dream_bids/derivatives/ica/sub-14_task-sleep_ica.fif...
  ICA sauvegardé  : /home/alouis/scratch/dream_bids/derivatives/ica/sub-14_task-sleep_ica.fif
Writing '/home/alouis/scratch/dream_bids/derivatives/preprocessed-ica/participants.tsv'...
Writing '/home/alouis/scratch/dream_bids/derivatives/preprocessed-ica/participants.json'...
Writing '/home/alouis/scratch/dream_bids/derivatives/preprocessed-ica/sub-14/eeg/sub-14_space-CapTrak_electrodes.tsv'...
Writing '/home/alouis/scratch/dream_bids/derivatives/preprocessed-ica/sub-14/eeg/sub-14_space-CapTrak_coordsystem.json'...
The provided raw data contains annotations, but you did not pass an "event_id" mapping from annotation descriptions to event codes. We will generate arbitrary event codes. To specify custom event codes, please pass "event_id".
Used Annotations descriptions: [np.str_('jbe/Sleep stage R'), np.str_('jbe/Sleep stage S1'), np.str_('jbe/Sleep stage S2'), np.str_('jbe/Sleep stage S3'), np.str_('jbe/Sleep stage S4'), np.str_('jbe/Sleep stage W'), np.str_('jbe/UNKNOWN_m1'), np.str_('jbe/UNKNOWN_m2'), np.str_('per/Sleep stage R'), np.str_('per/Sleep stage S1'), np.str_('per/Sleep stage S2'), np.str_('per/Sleep stage S3'), np.str_('per/Sleep stage S4'), np.str_('per/Sleep stage W'), np.str_('per/UNKNOWN_m1'), np.str_('per/UNKNOWN_m2')]
Writing '/home/alouis/scratch/dream_bids/derivatives/preprocessed-ica/sub-14/eeg/sub-14_task-sleep_proc-clean_events.tsv'...
Writing '/home/alouis/scratch/dream_bids/derivatives/preprocessed-ica/sub-14/eeg/sub-14_task-sleep_proc-clean_events.json'...
Writing '/home/alouis/scratch/dream_bids/derivatives/preprocessed-ica/dataset_description.json'...
Writing '/home/alouis/scratch/dream_bids/derivatives/preprocessed-ica/sub-14/eeg/sub-14_task-sleep_proc-clean_eeg.json'...
Copying data files to sub-14_task-sleep_proc-clean_eeg.vhdr
Writing '/home/alouis/scratch/dream_bids/derivatives/preprocessed-ica/sub-14/eeg/sub-14_task-sleep_proc-clean_channels.tsv'...
Writing '/home/alouis/scratch/dream_bids/derivatives/preprocessed-ica/sub-14/sub-14_scans.tsv'...
Wrote /home/alouis/scratch/dream_bids/derivatives/preprocessed-ica/sub-14/sub-14_scans.tsv entry with eeg/sub-14_task-sleep_proc-clean_eeg.vhdr.
  Done (ICA)      : /home/alouis/scratch/dream_bids/derivatives/preprocessed-ica/sub-14/eeg/sub-14_task-sleep_proc-clean_eeg.vhdr
  -- branche noICA --
Writing '/home/alouis/scratch/dream_bids/derivatives/preprocessed-noica/participants.tsv'...
Writing '/home/alouis/scratch/dream_bids/derivatives/preprocessed-noica/participants.json'...
Writing '/home/alouis/scratch/dream_bids/derivatives/preprocessed-noica/sub-14/eeg/sub-14_space-CapTrak_electrodes.tsv'...
Writing '/home/alouis/scratch/dream_bids/derivatives/preprocessed-noica/sub-14/eeg/sub-14_space-CapTrak_coordsystem.json'...
The provided raw data contains annotations, but you did not pass an "event_id" mapping from annotation descriptions to event codes. We will generate arbitrary event codes. To specify custom event codes, please pass "event_id".
Used Annotations descriptions: [np.str_('jbe/Sleep stage R'), np.str_('jbe/Sleep stage S1'), np.str_('jbe/Sleep stage S2'), np.str_('jbe/Sleep stage S3'), np.str_('jbe/Sleep stage S4'), np.str_('jbe/Sleep stage W'), np.str_('jbe/UNKNOWN_m1'), np.str_('jbe/UNKNOWN_m2'), np.str_('per/Sleep stage R'), np.str_('per/Sleep stage S1'), np.str_('per/Sleep stage S2'), np.str_('per/Sleep stage S3'), np.str_('per/Sleep stage S4'), np.str_('per/Sleep stage W'), np.str_('per/UNKNOWN_m1'), np.str_('per/UNKNOWN_m2')]
Writing '/home/alouis/scratch/dream_bids/derivatives/preprocessed-noica/sub-14/eeg/sub-14_task-sleep_proc-clean_events.tsv'...
Writing '/home/alouis/scratch/dream_bids/derivatives/preprocessed-noica/sub-14/eeg/sub-14_task-sleep_proc-clean_events.json'...
Writing '/home/alouis/scratch/dream_bids/derivatives/preprocessed-noica/dataset_description.json'...
Writing '/home/alouis/scratch/dream_bids/derivatives/preprocessed-noica/sub-14/eeg/sub-14_task-sleep_proc-clean_eeg.json'...
Copying data files to sub-14_task-sleep_proc-clean_eeg.vhdr
Writing '/home/alouis/scratch/dream_bids/derivatives/preprocessed-noica/sub-14/eeg/sub-14_task-sleep_proc-clean_channels.tsv'...
Writing '/home/alouis/scratch/dream_bids/derivatives/preprocessed-noica/sub-14/sub-14_scans.tsv'...
Wrote /home/alouis/scratch/dream_bids/derivatives/preprocessed-noica/sub-14/sub-14_scans.tsv entry with eeg/sub-14_task-sleep_proc-clean_eeg.vhdr.
  Done (noICA)    : /home/alouis/scratch/dream_bids/derivatives/preprocessed-noica/sub-14/eeg/sub-14_task-sleep_proc-clean_eeg.vhdr
  -- branche ICLabel --
  composantes ICLabel exclues (eye/muscle p>0.9) : []
Writing ICA solution to /home/alouis/scratch/dream_bids/derivatives/ica/sub-14_task-sleep-iclabel_ica.fif...
  ICA sauvegardé  : /home/alouis/scratch/dream_bids/derivatives/ica/sub-14_task-sleep-iclabel_ica.fif
Writing '/home/alouis/scratch/dream_bids/derivatives/preprocessed-iclabel/participants.tsv'...
Writing '/home/alouis/scratch/dream_bids/derivatives/preprocessed-iclabel/participants.json'...
Writing '/home/alouis/scratch/dream_bids/derivatives/preprocessed-iclabel/sub-14/eeg/sub-14_space-CapTrak_electrodes.tsv'...
Writing '/home/alouis/scratch/dream_bids/derivatives/preprocessed-iclabel/sub-14/eeg/sub-14_space-CapTrak_coordsystem.json'...
The provided raw data contains annotations, but you did not pass an "event_id" mapping from annotation descriptions to event codes. We will generate arbitrary event codes. To specify custom event codes, please pass "event_id".
Used Annotations descriptions: [np.str_('jbe/Sleep stage R'), np.str_('jbe/Sleep stage S1'), np.str_('jbe/Sleep stage S2'), np.str_('jbe/Sleep stage S3'), np.str_('jbe/Sleep stage S4'), np.str_('jbe/Sleep stage W'), np.str_('jbe/UNKNOWN_m1'), np.str_('jbe/UNKNOWN_m2'), np.str_('per/Sleep stage R'), np.str_('per/Sleep stage S1'), np.str_('per/Sleep stage S2'), np.str_('per/Sleep stage S3'), np.str_('per/Sleep stage S4'), np.str_('per/Sleep stage W'), np.str_('per/UNKNOWN_m1'), np.str_('per/UNKNOWN_m2')]
Writing '/home/alouis/scratch/dream_bids/derivatives/preprocessed-iclabel/sub-14/eeg/sub-14_task-sleep_proc-clean_events.tsv'...
Writing '/home/alouis/scratch/dream_bids/derivatives/preprocessed-iclabel/sub-14/eeg/sub-14_task-sleep_proc-clean_events.json'...
Writing '/home/alouis/scratch/dream_bids/derivatives/preprocessed-iclabel/dataset_description.json'...
Writing '/home/alouis/scratch/dream_bids/derivatives/preprocessed-iclabel/sub-14/eeg/sub-14_task-sleep_proc-clean_eeg.json'...
Copying data files to sub-14_task-sleep_proc-clean_eeg.vhdr
Writing '/home/alouis/scratch/dream_bids/derivatives/preprocessed-iclabel/sub-14/eeg/sub-14_task-sleep_proc-clean_channels.tsv'...
Writing '/home/alouis/scratch/dream_bids/derivatives/preprocessed-iclabel/sub-14/sub-14_scans.tsv'...
Wrote /home/alouis/scratch/dream_bids/derivatives/preprocessed-iclabel/sub-14/sub-14_scans.tsv entry with eeg/sub-14_task-sleep_proc-clean_eeg.vhdr.
  Done (ICLabel)  : /home/alouis/scratch/dream_bids/derivatives/preprocessed-iclabel/sub-14/eeg/sub-14_task-sleep_proc-clean_eeg.vhdr
=== Fini sujet 14  (Sun Jun 21 02:12:56 PDT 2026) ===
