=== Test 1 sujet (sub-05) ===
Reading 0 ... 32376999  =      0.000 ... 32376.999 secs...
Reading /home/alouis/scratch/dream_bids/derivatives/ica/sub-05_task-sleep_ica.fif ...
Now restoring ICA solution ...
Ready.
  sub-05: 14 composantes
n composantes: 14 | comp 0: {'subject': '05', 'comp': 0, 'eog_corr': 0.7492492772311445, 'eog_zscore': 0.7492492772311445, 'iclabel_label': '', 'iclabel_proba': nan}
=== Balayage complet 38 sujets (--iclabel) ===
Reading 0 ... 28409779  =      0.000 ... 28409.779 secs...
Reading /home/alouis/scratch/dream_bids/derivatives/ica/sub-01_task-sleep_ica.fif ...
Now restoring ICA solution ...
Ready.
Reading /home/alouis/scratch/dream_bids/derivatives/ica/sub-01_task-sleep-iclabel_ica.fif ...
Now restoring ICA solution ...
Ready.
  sub-01: 13 composantes
Reading 0 ... 24517379  =      0.000 ... 24517.379 secs...
Reading /home/alouis/scratch/dream_bids/derivatives/ica/sub-02_task-sleep_ica.fif ...
Now restoring ICA solution ...
Ready.
Reading /home/alouis/scratch/dream_bids/derivatives/ica/sub-02_task-sleep-iclabel_ica.fif ...
Now restoring ICA solution ...
Ready.
  sub-02: 13 composantes
Reading 0 ... 28315419  =      0.000 ... 28315.419 secs...
Reading /home/alouis/scratch/dream_bids/derivatives/ica/sub-03_task-sleep_ica.fif ...
Now restoring ICA solution ...
Ready.
Reading /home/alouis/scratch/dream_bids/derivatives/ica/sub-03_task-sleep-iclabel_ica.fif ...
Now restoring ICA solution ...
Ready.
  sub-03: 14 composantes
Reading 0 ... 21610579  =      0.000 ... 21610.579 secs...
Reading /home/alouis/scratch/dream_bids/derivatives/ica/sub-04_task-sleep_ica.fif ...
Now restoring ICA solution ...
Ready.
Reading /home/alouis/scratch/dream_bids/derivatives/ica/sub-04_task-sleep-iclabel_ica.fif ...
Now restoring ICA solution ...
Ready.
  sub-04: 13 composantes
Reading 0 ... 32376999  =      0.000 ... 32376.999 secs...
Reading /home/alouis/scratch/dream_bids/derivatives/ica/sub-05_task-sleep_ica.fif ...
Now restoring ICA solution ...
Ready.
Reading /home/alouis/scratch/dream_bids/derivatives/ica/sub-05_task-sleep-iclabel_ica.fif ...
Now restoring ICA solution ...
Ready.
  sub-05: 14 composantes
Reading 0 ... 24412499  =      0.000 ... 24412.499 secs...
Reading /home/alouis/scratch/dream_bids/derivatives/ica/sub-06_task-sleep_ica.fif ...
Now restoring ICA solution ...
Ready.
Reading /home/alouis/scratch/dream_bids/derivatives/ica/sub-06_task-sleep-iclabel_ica.fif ...
Now restoring ICA solution ...
Ready.
  sub-06: 12 composantes
Reading 0 ... 26862659  =      0.000 ... 26862.659 secs...
Reading /home/alouis/scratch/dream_bids/derivatives/ica/sub-07_task-sleep_ica.fif ...
Now restoring ICA solution ...
Ready.
Reading /home/alouis/scratch/dream_bids/derivatives/ica/sub-07_task-sleep-iclabel_ica.fif ...
Now restoring ICA solution ...
Ready.
  sub-07: 14 composantes
Reading 0 ... 26461759  =      0.000 ... 26461.759 secs...
Reading /home/alouis/scratch/dream_bids/derivatives/ica/sub-08_task-sleep_ica.fif ...
Now restoring ICA solution ...
Ready.
Reading /home/alouis/scratch/dream_bids/derivatives/ica/sub-08_task-sleep-iclabel_ica.fif ...
Now restoring ICA solution ...
Ready.
  sub-08: 13 composantes
Reading 0 ... 29784959  =      0.000 ... 29784.959 secs...
Reading /home/alouis/scratch/dream_bids/derivatives/ica/sub-09_task-sleep_ica.fif ...
Now restoring ICA solution ...
Ready.
Reading /home/alouis/scratch/dream_bids/derivatives/ica/sub-09_task-sleep-iclabel_ica.fif ...
Now restoring ICA solution ...
Ready.
  sub-09: 15 composantes
Reading 0 ... 25548899  =      0.000 ... 25548.899 secs...
Reading /home/alouis/scratch/dream_bids/derivatives/ica/sub-10_task-sleep_ica.fif ...
Now restoring ICA solution ...
Ready.
Reading /home/alouis/scratch/dream_bids/derivatives/ica/sub-10_task-sleep-iclabel_ica.fif ...
Now restoring ICA solution ...
Ready.
  sub-10: 11 composantes
Reading 0 ... 31644479  =      0.000 ... 31644.479 secs...
Reading /home/alouis/scratch/dream_bids/derivatives/ica/sub-11_task-sleep_ica.fif ...
Now restoring ICA solution ...
Ready.
Reading /home/alouis/scratch/dream_bids/derivatives/ica/sub-11_task-sleep-iclabel_ica.fif ...
Now restoring ICA solution ...
Ready.
  sub-11: 13 composantes
Reading 0 ... 28432239  =      0.000 ... 28432.239 secs...
Reading /home/alouis/scratch/dream_bids/derivatives/ica/sub-12_task-sleep_ica.fif ...
Now restoring ICA solution ...
Ready.
Reading /home/alouis/scratch/dream_bids/derivatives/ica/sub-12_task-sleep-iclabel_ica.fif ...
Now restoring ICA solution ...
Ready.
  sub-12: 14 composantes
Reading 0 ... 27655399  =      0.000 ... 27655.399 secs...
Reading /home/alouis/scratch/dream_bids/derivatives/ica/sub-13_task-sleep_ica.fif ...
Now restoring ICA solution ...
Ready.
Reading /home/alouis/scratch/dream_bids/derivatives/ica/sub-13_task-sleep-iclabel_ica.fif ...
Now restoring ICA solution ...
Ready.
  sub-13: 13 composantes
Reading 0 ... 24302919  =      0.000 ... 24302.919 secs...
Reading /home/alouis/scratch/dream_bids/derivatives/ica/sub-14_task-sleep_ica.fif ...
Now restoring ICA solution ...
Ready.
Reading /home/alouis/scratch/dream_bids/derivatives/ica/sub-14_task-sleep-iclabel_ica.fif ...
Now restoring ICA solution ...
Ready.
  sub-14: 14 composantes
Reading 0 ... 26342879  =      0.000 ... 26342.879 secs...
Reading /home/alouis/scratch/dream_bids/derivatives/ica/sub-15_task-sleep_ica.fif ...
Now restoring ICA solution ...
Ready.
Reading /home/alouis/scratch/dream_bids/derivatives/ica/sub-15_task-sleep-iclabel_ica.fif ...
Now restoring ICA solution ...
Ready.
  sub-15: 15 composantes
Reading 0 ... 26407639  =      0.000 ... 26407.639 secs...
Reading /home/alouis/scratch/dream_bids/derivatives/ica/sub-16_task-sleep_ica.fif ...
Now restoring ICA solution ...
Ready.
Reading /home/alouis/scratch/dream_bids/derivatives/ica/sub-16_task-sleep-iclabel_ica.fif ...
Now restoring ICA solution ...
Ready.
  sub-16: 14 composantes
Reading 0 ... 27769619  =      0.000 ... 27769.619 secs...
Reading /home/alouis/scratch/dream_bids/derivatives/ica/sub-17_task-sleep_ica.fif ...
Now restoring ICA solution ...
Ready.
Reading /home/alouis/scratch/dream_bids/derivatives/ica/sub-17_task-sleep-iclabel_ica.fif ...
Now restoring ICA solution ...
Ready.
  sub-17: 15 composantes
Reading 0 ... 25755979  =      0.000 ... 25755.979 secs...
Reading /home/alouis/scratch/dream_bids/derivatives/ica/sub-18_task-sleep_ica.fif ...
Now restoring ICA solution ...
Ready.
Reading /home/alouis/scratch/dream_bids/derivatives/ica/sub-18_task-sleep-iclabel_ica.fif ...
Now restoring ICA solution ...
Ready.
  sub-18: 11 composantes
Reading 0 ... 24261559  =      0.000 ... 24261.559 secs...
Reading /home/alouis/scratch/dream_bids/derivatives/ica/sub-19_task-sleep_ica.fif ...
Now restoring ICA solution ...
Ready.
Reading /home/alouis/scratch/dream_bids/derivatives/ica/sub-19_task-sleep-iclabel_ica.fif ...
Now restoring ICA solution ...
Ready.
  sub-19: 12 composantes
Reading 0 ... 27292579  =      0.000 ... 27292.579 secs...
Reading /home/alouis/scratch/dream_bids/derivatives/ica/sub-20_task-sleep_ica.fif ...
Now restoring ICA solution ...
Ready.
Reading /home/alouis/scratch/dream_bids/derivatives/ica/sub-20_task-sleep-iclabel_ica.fif ...
Now restoring ICA solution ...
Ready.
  sub-20: 13 composantes
Reading 0 ... 27141659  =      0.000 ... 27141.659 secs...
Reading /home/alouis/scratch/dream_bids/derivatives/ica/sub-21_task-sleep_ica.fif ...
Now restoring ICA solution ...
Ready.
Reading /home/alouis/scratch/dream_bids/derivatives/ica/sub-21_task-sleep-iclabel_ica.fif ...
Now restoring ICA solution ...
Ready.
  sub-21: 13 composantes
Reading 0 ... 25498719  =      0.000 ... 25498.719 secs...
Reading /home/alouis/scratch/dream_bids/derivatives/ica/sub-22_task-sleep_ica.fif ...
Now restoring ICA solution ...
Ready.
Reading /home/alouis/scratch/dream_bids/derivatives/ica/sub-22_task-sleep-iclabel_ica.fif ...
Now restoring ICA solution ...
Ready.
  sub-22: 13 composantes
Reading 0 ... 28462679  =      0.000 ... 28462.679 secs...
Reading /home/alouis/scratch/dream_bids/derivatives/ica/sub-23_task-sleep_ica.fif ...
Now restoring ICA solution ...
Ready.
Reading /home/alouis/scratch/dream_bids/derivatives/ica/sub-23_task-sleep-iclabel_ica.fif ...
Now restoring ICA solution ...
Ready.
  sub-23: 15 composantes
Reading 0 ... 40173659  =      0.000 ... 40173.659 secs...
Reading /home/alouis/scratch/dream_bids/derivatives/ica/sub-24_task-sleep_ica.fif ...
Now restoring ICA solution ...
Ready.
Reading /home/alouis/scratch/dream_bids/derivatives/ica/sub-24_task-sleep-iclabel_ica.fif ...
Now restoring ICA solution ...
Ready.
  sub-24: 16 composantes
Reading 0 ... 32136199  =      0.000 ... 32136.199 secs...
Reading /home/alouis/scratch/dream_bids/derivatives/ica/sub-25_task-sleep_ica.fif ...
Now restoring ICA solution ...
Ready.
Reading /home/alouis/scratch/dream_bids/derivatives/ica/sub-25_task-sleep-iclabel_ica.fif ...
Now restoring ICA solution ...
Ready.
  sub-25: 6 composantes
Reading 0 ... 28307439  =      0.000 ... 28307.439 secs...
Reading /home/alouis/scratch/dream_bids/derivatives/ica/sub-26_task-sleep_ica.fif ...
Now restoring ICA solution ...
Ready.
Reading /home/alouis/scratch/dream_bids/derivatives/ica/sub-26_task-sleep-iclabel_ica.fif ...
Now restoring ICA solution ...
Ready.
  sub-26: 11 composantes
Reading 0 ... 32898779  =      0.000 ... 32898.779 secs...
Reading /home/alouis/scratch/dream_bids/derivatives/ica/sub-27_task-sleep_ica.fif ...
Now restoring ICA solution ...
Ready.
Reading /home/alouis/scratch/dream_bids/derivatives/ica/sub-27_task-sleep-iclabel_ica.fif ...
Now restoring ICA solution ...
Ready.
  sub-27: 12 composantes
Reading 0 ... 26756979  =      0.000 ... 26756.979 secs...
Reading /home/alouis/scratch/dream_bids/derivatives/ica/sub-28_task-sleep_ica.fif ...
Now restoring ICA solution ...
Ready.
Reading /home/alouis/scratch/dream_bids/derivatives/ica/sub-28_task-sleep-iclabel_ica.fif ...
Now restoring ICA solution ...
Ready.
  sub-28: 12 composantes
Reading 0 ... 29949759  =      0.000 ... 29949.759 secs...
Reading /home/alouis/scratch/dream_bids/derivatives/ica/sub-29_task-sleep_ica.fif ...
Now restoring ICA solution ...
Ready.
Reading /home/alouis/scratch/dream_bids/derivatives/ica/sub-29_task-sleep-iclabel_ica.fif ...
Now restoring ICA solution ...
Ready.
  sub-29: 12 composantes
Reading 0 ... 28122339  =      0.000 ... 28122.339 secs...
Reading /home/alouis/scratch/dream_bids/derivatives/ica/sub-30_task-sleep_ica.fif ...
Now restoring ICA solution ...
Ready.
Reading /home/alouis/scratch/dream_bids/derivatives/ica/sub-30_task-sleep-iclabel_ica.fif ...
Now restoring ICA solution ...
Ready.
  sub-30: 12 composantes
Reading 0 ... 33801999  =      0.000 ... 33801.999 secs...
Reading /home/alouis/scratch/dream_bids/derivatives/ica/sub-31_task-sleep_ica.fif ...
Now restoring ICA solution ...
Ready.
Reading /home/alouis/scratch/dream_bids/derivatives/ica/sub-31_task-sleep-iclabel_ica.fif ...
Now restoring ICA solution ...
Ready.
  sub-31: 10 composantes
Reading 0 ... 29508679  =      0.000 ... 29508.679 secs...
Reading /home/alouis/scratch/dream_bids/derivatives/ica/sub-32_task-sleep_ica.fif ...
Now restoring ICA solution ...
Ready.
Reading /home/alouis/scratch/dream_bids/derivatives/ica/sub-32_task-sleep-iclabel_ica.fif ...
Now restoring ICA solution ...
Ready.
  sub-32: 13 composantes
Reading 0 ... 28037719  =      0.000 ... 28037.719 secs...
Reading /home/alouis/scratch/dream_bids/derivatives/ica/sub-33_task-sleep_ica.fif ...
Now restoring ICA solution ...
Ready.
Reading /home/alouis/scratch/dream_bids/derivatives/ica/sub-33_task-sleep-iclabel_ica.fif ...
Now restoring ICA solution ...
Ready.
  sub-33: 13 composantes
Reading 0 ... 30073379  =      0.000 ... 30073.379 secs...
Reading /home/alouis/scratch/dream_bids/derivatives/ica/sub-34_task-sleep_ica.fif ...
Now restoring ICA solution ...
Ready.
Reading /home/alouis/scratch/dream_bids/derivatives/ica/sub-34_task-sleep-iclabel_ica.fif ...
Now restoring ICA solution ...
Ready.
  sub-34: 14 composantes
Reading 0 ... 29794559  =      0.000 ... 29794.559 secs...
Reading /home/alouis/scratch/dream_bids/derivatives/ica/sub-35_task-sleep_ica.fif ...
Now restoring ICA solution ...
Ready.
Reading /home/alouis/scratch/dream_bids/derivatives/ica/sub-35_task-sleep-iclabel_ica.fif ...
Now restoring ICA solution ...
Ready.
  sub-35: 15 composantes
Reading 0 ... 28493039  =      0.000 ... 28493.039 secs...
Reading /home/alouis/scratch/dream_bids/derivatives/ica/sub-36_task-sleep_ica.fif ...
Now restoring ICA solution ...
Ready.
Reading /home/alouis/scratch/dream_bids/derivatives/ica/sub-36_task-sleep-iclabel_ica.fif ...
Now restoring ICA solution ...
Ready.
  sub-36: 13 composantes
Reading 0 ... 23215379  =      0.000 ... 23215.379 secs...
Reading /home/alouis/scratch/dream_bids/derivatives/ica/sub-37_task-sleep_ica.fif ...
Now restoring ICA solution ...
Ready.
Reading /home/alouis/scratch/dream_bids/derivatives/ica/sub-37_task-sleep-iclabel_ica.fif ...
Now restoring ICA solution ...
Ready.
  sub-37: 13 composantes
Reading 0 ... 31810899  =      0.000 ... 31810.899 secs...
Reading /home/alouis/scratch/dream_bids/derivatives/ica/sub-38_task-sleep_ica.fif ...
Now restoring ICA solution ...
Ready.
Reading /home/alouis/scratch/dream_bids/derivatives/ica/sub-38_task-sleep-iclabel_ica.fif ...
Now restoring ICA solution ...
Ready.
  sub-38: 14 composantes

CSV écrit : threshold_analysis/thresholds_scores.csv  (493 composantes)
Courbes ecrites : threshold_analysis/thresholds_curves.png
Figures decision ecrites : threshold_analysis/thresholds_decision.png
Reco ecrite : threshold_analysis/thresholds_reco.csv
=== Termine ===
total 292K
-rw-r----- 1 alouis alouis 112K Jun 22 03:42 thresholds_curves.png
-rw-r----- 1 alouis alouis 140K Jun 22 03:42 thresholds_decision.png
-rw-r----- 1 alouis alouis  240 Jun 22 03:42 thresholds_reco.csv
-rw-r----- 1 alouis alouis  35K Jun 22 03:41 thresholds_scores.csv
