/home/alouis/dream-recall-alex/analyze_thresholds.py:64: RuntimeWarning: There are channels without locations (n/a) that are not marked as bad: ['EOG_L', 'EOG_R', 'EMG_chin', 'misc1', 'misc2', 'misc3']
  raw = mne_bids.read_raw_bids(mne_bids.BIDSPath(
/home/alouis/dream-recall-alex/analyze_thresholds.py:64: RuntimeWarning: Not setting positions of 6 emg/eog/misc channels found in montage:
['EOG_L', 'EOG_R', 'EMG_chin', 'misc1', 'misc2', 'misc3']
Consider setting the channel types to be of EEG/sEEG/ECoG/DBS/fNIRS using inst.set_channel_types before calling inst.set_montage, or omit these channels when creating your montage.
  raw = mne_bids.read_raw_bids(mne_bids.BIDSPath(
/home/alouis/dream-recall-alex/analyze_thresholds.py:64: RuntimeWarning: There are channels without locations (n/a) that are not marked as bad: ['EOG_L', 'EOG_R', 'EMG_chin', 'misc1', 'misc2', 'misc3']
  raw = mne_bids.read_raw_bids(mne_bids.BIDSPath(
/home/alouis/dream-recall-alex/analyze_thresholds.py:64: RuntimeWarning: Not setting positions of 6 emg/eog/misc channels found in montage:
['EOG_L', 'EOG_R', 'EMG_chin', 'misc1', 'misc2', 'misc3']
Consider setting the channel types to be of EEG/sEEG/ECoG/DBS/fNIRS using inst.set_channel_types before calling inst.set_montage, or omit these channels when creating your montage.
  raw = mne_bids.read_raw_bids(mne_bids.BIDSPath(
/home/alouis/dream-recall-alex/analyze_thresholds.py:64: RuntimeWarning: There are channels without locations (n/a) that are not marked as bad: ['EOG_L', 'EOG_R', 'EMG_chin', 'misc1', 'misc2', 'misc3']
  raw = mne_bids.read_raw_bids(mne_bids.BIDSPath(
/home/alouis/dream-recall-alex/analyze_thresholds.py:64: RuntimeWarning: Not setting positions of 6 emg/eog/misc channels found in montage:
['EOG_L', 'EOG_R', 'EMG_chin', 'misc1', 'misc2', 'misc3']
Consider setting the channel types to be of EEG/sEEG/ECoG/DBS/fNIRS using inst.set_channel_types before calling inst.set_montage, or omit these channels when creating your montage.
  raw = mne_bids.read_raw_bids(mne_bids.BIDSPath(
/home/alouis/dream-recall-alex/analyze_thresholds.py:64: RuntimeWarning: There are channels without locations (n/a) that are not marked as bad: ['EOG_L', 'EOG_R', 'EMG_chin', 'misc1', 'misc2', 'misc3']
  raw = mne_bids.read_raw_bids(mne_bids.BIDSPath(
/home/alouis/dream-recall-alex/analyze_thresholds.py:64: RuntimeWarning: Not setting positions of 6 emg/eog/misc channels found in montage:
['EOG_L', 'EOG_R', 'EMG_chin', 'misc1', 'misc2', 'misc3']
Consider setting the channel types to be of EEG/sEEG/ECoG/DBS/fNIRS using inst.set_channel_types before calling inst.set_montage, or omit these channels when creating your montage.
  raw = mne_bids.read_raw_bids(mne_bids.BIDSPath(
slurmstepd: error: *** JOB 45298996 ON fc30555 CANCELLED AT 2026-06-22T01:43:56 ***
